[W 220119 16:37:29 openapi:101] sendtx: {'aggregated_signature': '0x8cf751c872a54285cdc5ed2d7a604ec8818d3b2974ffba2b48763fefca2c743c12ac865bb5f5b73a2bad3064ab32554102522287bafa9ce40e94088e44e55e3ea39136e336d6bf3c83cc77e732d61d6df5b515ded0f932eb4a55d72c14c40f36',
     'coin_spends': [{'coin': {'amount': 1000000000000,
                               'parent_coin_info': '0x3f362ae1a647891b0f1a9b36c27c3937dc89889917a5ebffaeabfc23ba3a9e37',
                               'puzzle_hash': '0x1324df625e6a5e8ee69fdfc73a4a2ac983a4068e3b22e33a3479876bec72f9ca'},
                      'puzzle_reveal': '0xff02ffff01ff02ffff01ff02ffff03ff0bffff01ff02ffff03ffff09ff05ffff1dff0bffff1effff0bff0bffff02ff06ffff04ff02ffff04ff17ff8080808080808080ffff01ff02ff17ff2f80ffff01ff088080ff0180ffff01ff04ffff04ff04ffff04ff05ffff04ffff02ff06ffff04ff02ffff04ff17ff80808080ff80808080ffff02ff17ff2f808080ff0180ffff04ffff01ff32ff02ffff03ffff07ff0580ffff01ff0bffff0102ffff02ff06ffff04ff02ffff04ff09ff80808080ffff02ff06ffff04ff02ffff04ff0dff8080808080ffff01ff0bffff0101ff058080ff0180ff018080ffff04ffff01b0a142fbd0e442ed5ef9b920eeae19e4fc782fc81549ab0233ab478f8f9364fd4215a198aabccb103d7ed711be5c5f420dff018080',
                      'solution': '0xff80ffff01ffff33ffa0c6d73bf92bfb8202531f1203acc71d5d543f16fee9ae89475ef3a9f26077a5bfff843b9aca0080ffff33ffa01324df625e6a5e8ee69fdfc73a4a2ac983a4068e3b22e33a3479876bec72f9caff8600e8990a460080ffff3cffa0d0be14f13c02676949d62f0c67fa1e5d9f6edffb2f76c1f992a364c709e14d838080ff8080'}]}, error: ValueError({'error': 'Failed to include transaction 68fcd97c999b8bac2e8d8624e7a006c302a47f89e069b85ef86867b4a3635c1a, error BAD_AGGREGATE_SIGNATURE', 'success': False})
[W 220119 16:45:24 openapi:101] sendtx: {'aggregated_signature': '0x8cf751c872a54285cdc5ed2d7a604ec8818d3b2974ffba2b48763fefca2c743c12ac865bb5f5b73a2bad3064ab32554102522287bafa9ce40e94088e44e55e3ea39136e336d6bf3c83cc77e732d61d6df5b515ded0f932eb4a55d72c14c40f36',
     'coin_spends': [{'coin': {'amount': 1000000000000,
                               'parent_coin_info': '0x3f362ae1a647891b0f1a9b36c27c3937dc89889917a5ebffaeabfc23ba3a9e37',
                               'puzzle_hash': '0x1324df625e6a5e8ee69fdfc73a4a2ac983a4068e3b22e33a3479876bec72f9ca'},
                      'puzzle_reveal': '0xff02ffff01ff02ffff01ff02ffff03ff0bffff01ff02ffff03ffff09ff05ffff1dff0bffff1effff0bff0bffff02ff06ffff04ff02ffff04ff17ff8080808080808080ffff01ff02ff17ff2f80ffff01ff088080ff0180ffff01ff04ffff04ff04ffff04ff05ffff04ffff02ff06ffff04ff02ffff04ff17ff80808080ff80808080ffff02ff17ff2f808080ff0180ffff04ffff01ff32ff02ffff03ffff07ff0580ffff01ff0bffff0102ffff02ff06ffff04ff02ffff04ff09ff80808080ffff02ff06ffff04ff02ffff04ff0dff8080808080ffff01ff0bffff0101ff058080ff0180ff018080ffff04ffff01b0a142fbd0e442ed5ef9b920eeae19e4fc782fc81549ab0233ab478f8f9364fd4215a198aabccb103d7ed711be5c5f420dff018080',
                      'solution': '0xff80ffff01ffff33ffa0c6d73bf92bfb8202531f1203acc71d5d543f16fee9ae89475ef3a9f26077a5bfff843b9aca0080ffff33ffa01324df625e6a5e8ee69fdfc73a4a2ac983a4068e3b22e33a3479876bec72f9caff8600e8990a460080ffff3cffa0d0be14f13c02676949d62f0c67fa1e5d9f6edffb2f76c1f992a364c709e14d838080ff8080'}]}, error: ValueError({'error': 'Failed to include transaction 68fcd97c999b8bac2e8d8624e7a006c302a47f89e069b85ef86867b4a3635c1a, error BAD_AGGREGATE_SIGNATURE', 'success': False})
[W 220119 16:48:50 openapi:101] sendtx: {'aggregated_signature': '0x8cf751c872a54285cdc5ed2d7a604ec8818d3b2974ffba2b48763fefca2c743c12ac865bb5f5b73a2bad3064ab32554102522287bafa9ce40e94088e44e55e3ea39136e336d6bf3c83cc77e732d61d6df5b515ded0f932eb4a55d72c14c40f36',
     'coin_spends': [{'coin': {'amount': 1000000000000,
                               'parent_coin_info': '0x3f362ae1a647891b0f1a9b36c27c3937dc89889917a5ebffaeabfc23ba3a9e37',
                               'puzzle_hash': '0x1324df625e6a5e8ee69fdfc73a4a2ac983a4068e3b22e33a3479876bec72f9ca'},
                      'puzzle_reveal': '0xff02ffff01ff02ffff01ff02ffff03ff0bffff01ff02ffff03ffff09ff05ffff1dff0bffff1effff0bff0bffff02ff06ffff04ff02ffff04ff17ff8080808080808080ffff01ff02ff17ff2f80ffff01ff088080ff0180ffff01ff04ffff04ff04ffff04ff05ffff04ffff02ff06ffff04ff02ffff04ff17ff80808080ff80808080ffff02ff17ff2f808080ff0180ffff04ffff01ff32ff02ffff03ffff07ff0580ffff01ff0bffff0102ffff02ff06ffff04ff02ffff04ff09ff80808080ffff02ff06ffff04ff02ffff04ff0dff8080808080ffff01ff0bffff0101ff058080ff0180ff018080ffff04ffff01b0a142fbd0e442ed5ef9b920eeae19e4fc782fc81549ab0233ab478f8f9364fd4215a198aabccb103d7ed711be5c5f420dff018080',
                      'solution': '0xff80ffff01ffff33ffa0c6d73bf92bfb8202531f1203acc71d5d543f16fee9ae89475ef3a9f26077a5bfff843b9aca0080ffff33ffa01324df625e6a5e8ee69fdfc73a4a2ac983a4068e3b22e33a3479876bec72f9caff8600e8990a460080ffff3cffa0d0be14f13c02676949d62f0c67fa1e5d9f6edffb2f76c1f992a364c709e14d838080ff8080'}]}, error: ValueError({'error': 'Failed to include transaction 68fcd97c999b8bac2e8d8624e7a006c302a47f89e069b85ef86867b4a3635c1a, error BAD_AGGREGATE_SIGNATURE', 'success': False})
[W 220119 16:52:56 openapi:101] sendtx: {'aggregated_signature': '0x8cf751c872a54285cdc5ed2d7a604ec8818d3b2974ffba2b48763fefca2c743c12ac865bb5f5b73a2bad3064ab32554102522287bafa9ce40e94088e44e55e3ea39136e336d6bf3c83cc77e732d61d6df5b515ded0f932eb4a55d72c14c40f36',
     'coin_spends': [{'coin': {'amount': 1000000000000,
                               'parent_coin_info': '0x3f362ae1a647891b0f1a9b36c27c3937dc89889917a5ebffaeabfc23ba3a9e37',
                               'puzzle_hash': '0x1324df625e6a5e8ee69fdfc73a4a2ac983a4068e3b22e33a3479876bec72f9ca'},
                      'puzzle_reveal': '0xff02ffff01ff02ffff01ff02ffff03ff0bffff01ff02ffff03ffff09ff05ffff1dff0bffff1effff0bff0bffff02ff06ffff04ff02ffff04ff17ff8080808080808080ffff01ff02ff17ff2f80ffff01ff088080ff0180ffff01ff04ffff04ff04ffff04ff05ffff04ffff02ff06ffff04ff02ffff04ff17ff80808080ff80808080ffff02ff17ff2f808080ff0180ffff04ffff01ff32ff02ffff03ffff07ff0580ffff01ff0bffff0102ffff02ff06ffff04ff02ffff04ff09ff80808080ffff02ff06ffff04ff02ffff04ff0dff8080808080ffff01ff0bffff0101ff058080ff0180ff018080ffff04ffff01b0a142fbd0e442ed5ef9b920eeae19e4fc782fc81549ab0233ab478f8f9364fd4215a198aabccb103d7ed711be5c5f420dff018080',
                      'solution': '0xff80ffff01ffff33ffa0c6d73bf92bfb8202531f1203acc71d5d543f16fee9ae89475ef3a9f26077a5bfff843b9aca0080ffff33ffa01324df625e6a5e8ee69fdfc73a4a2ac983a4068e3b22e33a3479876bec72f9caff8600e8990a460080ffff3cffa0d0be14f13c02676949d62f0c67fa1e5d9f6edffb2f76c1f992a364c709e14d838080ff8080'}]}, error: ValueError({'error': 'Failed to include transaction 68fcd97c999b8bac2e8d8624e7a006c302a47f89e069b85ef86867b4a3635c1a, error BAD_AGGREGATE_SIGNATURE', 'success': False})
[W 220119 17:01:51 openapi:101] sendtx: {'aggregated_signature': '0xa599a0d9ccc54b3a9fed893a005db6d4650580b0f536bb36065cc6cd1ad67d881d5bb48dbba1826f13936fbebb03932111968b1a5e871c65a381115f4cd5c62c70151a09ee0d2e1931866cb5f171c8a7bc9762bbcbc67573f24f7886404439ab',
     'coin_spends': [{'coin': {'amount': 1000000000000,
                               'parent_coin_info': '0x3f362ae1a647891b0f1a9b36c27c3937dc89889917a5ebffaeabfc23ba3a9e37',
                               'puzzle_hash': '0x1324df625e6a5e8ee69fdfc73a4a2ac983a4068e3b22e33a3479876bec72f9ca'},
                      'puzzle_reveal': '0xff02ffff01ff02ffff01ff02ffff03ff0bffff01ff02ffff03ffff09ff05ffff1dff0bffff1effff0bff0bffff02ff06ffff04ff02ffff04ff17ff8080808080808080ffff01ff02ff17ff2f80ffff01ff088080ff0180ffff01ff04ffff04ff04ffff04ff05ffff04ffff02ff06ffff04ff02ffff04ff17ff80808080ff80808080ffff02ff17ff2f808080ff0180ffff04ffff01ff32ff02ffff03ffff07ff0580ffff01ff0bffff0102ffff02ff06ffff04ff02ffff04ff09ff80808080ffff02ff06ffff04ff02ffff04ff0dff8080808080ffff01ff0bffff0101ff058080ff0180ff018080ffff04ffff01b0a142fbd0e442ed5ef9b920eeae19e4fc782fc81549ab0233ab478f8f9364fd4215a198aabccb103d7ed711be5c5f420dff018080',
                      'solution': '0xff80ffff01ffff33ffa01324df625e6a5e8ee69fdfc73a4a2ac983a4068e3b22e33a3479876bec72f9caff843b9aca0080ffff33ffa01324df625e6a5e8ee69fdfc73a4a2ac983a4068e3b22e33a3479876bec72f9caff8600e8990a460080ffff3cffa0fe09b7c11b25d77f692710526fef7c9df9e5943055684300e17d453b5c8145de8080ff8080'}]}, error: ValueError({'error': 'Failed to include transaction 3c2da0b9c20a521efbdd79fd3210581a684c5b8489025b4a07e0b78256a79dcd, error BAD_AGGREGATE_SIGNATURE', 'success': False})
[W 220119 17:16:49 openapi:101] sendtx: {'aggregated_signature': '0xa599a0d9ccc54b3a9fed893a005db6d4650580b0f536bb36065cc6cd1ad67d881d5bb48dbba1826f13936fbebb03932111968b1a5e871c65a381115f4cd5c62c70151a09ee0d2e1931866cb5f171c8a7bc9762bbcbc67573f24f7886404439ab',
     'coin_spends': [{'coin': {'amount': 1000000000000,
                               'parent_coin_info': '0x3f362ae1a647891b0f1a9b36c27c3937dc89889917a5ebffaeabfc23ba3a9e37',
                               'puzzle_hash': '0x1324df625e6a5e8ee69fdfc73a4a2ac983a4068e3b22e33a3479876bec72f9ca'},
                      'puzzle_reveal': '0xff02ffff01ff02ffff01ff02ffff03ff0bffff01ff02ffff03ffff09ff05ffff1dff0bffff1effff0bff0bffff02ff06ffff04ff02ffff04ff17ff8080808080808080ffff01ff02ff17ff2f80ffff01ff088080ff0180ffff01ff04ffff04ff04ffff04ff05ffff04ffff02ff06ffff04ff02ffff04ff17ff80808080ff80808080ffff02ff17ff2f808080ff0180ffff04ffff01ff32ff02ffff03ffff07ff0580ffff01ff0bffff0102ffff02ff06ffff04ff02ffff04ff09ff80808080ffff02ff06ffff04ff02ffff04ff0dff8080808080ffff01ff0bffff0101ff058080ff0180ff018080ffff04ffff01b0a142fbd0e442ed5ef9b920eeae19e4fc782fc81549ab0233ab478f8f9364fd4215a198aabccb103d7ed711be5c5f420dff018080',
                      'solution': '0xff80ffff01ffff33ffa01324df625e6a5e8ee69fdfc73a4a2ac983a4068e3b22e33a3479876bec72f9caff843b9aca0080ffff33ffa01324df625e6a5e8ee69fdfc73a4a2ac983a4068e3b22e33a3479876bec72f9caff8600e8990a460080ffff3cffa0fe09b7c11b25d77f692710526fef7c9df9e5943055684300e17d453b5c8145de8080ff8080'}]}, error: ValueError({'error': 'Failed to include transaction 3c2da0b9c20a521efbdd79fd3210581a684c5b8489025b4a07e0b78256a79dcd, error BAD_AGGREGATE_SIGNATURE', 'success': False})
[W 220119 17:29:36 openapi:101] sendtx: {'aggregated_signature': '0x8d629ce7274aa7d02c46065fef23218f0c85a46b122ab9ecfca20c1c99547bbd6967cdbd2cc385c55dce4b7a0685e4e00afe8e164bba5793f3369165ba7c143c3278c246e394f9ac09c91c655b6558b944159ec49bb14a3230cf48842ef294e5',
     'coin_spends': [{'coin': {'amount': 1000000000000,
                               'parent_coin_info': '0x3f362ae1a647891b0f1a9b36c27c3937dc89889917a5ebffaeabfc23ba3a9e37',
                               'puzzle_hash': '0x1324df625e6a5e8ee69fdfc73a4a2ac983a4068e3b22e33a3479876bec72f9ca'},
                      'puzzle_reveal': '0xff02ffff01ff02ffff01ff02ffff03ff0bffff01ff02ffff03ffff09ff05ffff1dff0bffff1effff0bff0bffff02ff06ffff04ff02ffff04ff17ff8080808080808080ffff01ff02ff17ff2f80ffff01ff088080ff0180ffff01ff04ffff04ff04ffff04ff05ffff04ffff02ff06ffff04ff02ffff04ff17ff80808080ff80808080ffff02ff17ff2f808080ff0180ffff04ffff01ff32ff02ffff03ffff07ff0580ffff01ff0bffff0102ffff02ff06ffff04ff02ffff04ff09ff80808080ffff02ff06ffff04ff02ffff04ff0dff8080808080ffff01ff0bffff0101ff058080ff0180ff018080ffff04ffff01b0a142fbd0e442ed5ef9b920eeae19e4fc782fc81549ab0233ab478f8f9364fd4215a198aabccb103d7ed711be5c5f420dff018080',
                      'solution': '0xff80ffff01ffff33ffa0bccc7a60c570a6672430b4c1b87a691d60ed125b48060e7e03d67fc9ea13e282ff843b9aca0080ffff33ffa01324df625e6a5e8ee69fdfc73a4a2ac983a4068e3b22e33a3479876bec72f9caff8600e8990a460080ffff3cffa09cdccbbe94605f5f4c890df8a2903271ceb2bf24eaa097d15b09dc2c0ad57fb18080ff8080'}]}, error: ValueError({'error': 'Failed to include transaction c6c25ce1ddf6f484fe9815786ec532ee95f3c055fa1a17a6edcc213c6b470591, error BAD_AGGREGATE_SIGNATURE', 'success': False})
